<?xml version="1.0" encoding="UTF-8"?>
<!-- Generated by org.testng.reporters.JUnitReportReporter -->
<testsuite hostname="DESKTOP-FV38TLN" failures="0" tests="2" name="qaclickacademy.Mavenjava.SeleniumTest" time="0.004" errors="0" timestamp="10 Aug 2022 06:35:16 GMT">
  <testcase classname="qaclickacademy.Mavenjava.SeleniumTest" name="elementsUI" time="0.002"/>
  <testcase classname="qaclickacademy.Mavenjava.SeleniumTest" name="BrowserAutomation" time="0.002"/>
</testsuite> <!-- qaclickacademy.Mavenjava.SeleniumTest -->
