<?xml version="1.0" encoding="UTF-8"?>
<!-- Generated by org.testng.reporters.JUnitReportReporter -->
<testsuite hostname="DESKTOP-FV38TLN" failures="0" tests="2" name="qaclickacademy.Mavenjava.AppiumTest" time="0.003" errors="0" timestamp="10 Aug 2022 06:39:23 GMT">
  <testcase classname="qaclickacademy.Mavenjava.AppiumTest" name="IOSApps" time="0.002"/>
  <testcase classname="qaclickacademy.Mavenjava.AppiumTest" name="NativeAppAndroid" time="0.001"/>
</testsuite> <!-- qaclickacademy.Mavenjava.AppiumTest -->
