<?xml version="1.0" encoding="UTF-8"?>
<!-- Generated by org.testng.reporters.JUnitReportReporter -->
<testsuite hostname="DESKTOP-FV38TLN" failures="0" tests="2" name="qaclickacademy.Mavenjava.RestAPITest" time="0.023" errors="0" timestamp="10 Aug 2022 06:39:23 GMT">
  <testcase classname="qaclickacademy.Mavenjava.RestAPITest" name="deleteTwitter" time="0.022"/>
  <testcase classname="qaclickacademy.Mavenjava.RestAPITest" name="postJira" time="0.001"/>
</testsuite> <!-- qaclickacademy.Mavenjava.RestAPITest -->
